[debug] [2021-07-15T14:45:54.289Z] ----------------------------------------------------------------------
[debug] [2021-07-15T14:45:54.292Z] Command:       C:\Program Files\nodejs\node.exe C:\Users\hp\AppData\Roaming\npm\node_modules\firebase-tools\lib\bin\firebase.js emulators:start
[debug] [2021-07-15T14:45:54.293Z] CLI Version:   9.16.0
[debug] [2021-07-15T14:45:54.293Z] Platform:      win32
[debug] [2021-07-15T14:45:54.293Z] Node Version:  v14.17.0
[debug] [2021-07-15T14:45:54.295Z] Time:          Thu Jul 15 2021 20:15:54 GMT+0530 (India Standard Time)
[debug] [2021-07-15T14:45:54.295Z] ----------------------------------------------------------------------
[debug] 
[debug] [2021-07-15T14:45:54.487Z] > command requires scopes: ["email","openid","https://www.googleapis.com/auth/cloudplatformprojects.readonly","https://www.googleapis.com/auth/firebase","https://www.googleapis.com/auth/cloud-platform"]
[debug] [2021-07-15T14:45:54.488Z] > authorizing via signed-in user (kirtijaiswal100@gmail.com)
[info] i  emulators: Starting emulators: functions, hosting {"metadata":{"emulator":{"name":"hub"},"message":"Starting emulators: functions, hosting"}}
[warn] !  emulators: It seems that you are running multiple instances of the emulator suite for project clone-a8fcc. This may result in unexpected behavior. 
[debug] [2021-07-15T14:45:54.947Z] [hub] writing locator at C:\Users\hp\AppData\Local\Temp\hub-clone-a8fcc.json
[warn] !  functions: The following emulators are not running, calls to these services from the Functions emulator will affect production: auth, firestore, database, pubsub, storage {"metadata":{"emulator":{"name":"functions"},"message":"The following emulators are not running, calls to these services from the Functions emulator will affect production: \u001b[1mauth, firestore, database, pubsub, storage\u001b[22m"}}
[info] +  functions: Using node@14 from host. {"metadata":{"emulator":{"name":"functions"},"message":"Using node@14 from host."}}
[debug] [2021-07-15T14:45:55.509Z] defaultcredentials: writing to file C:\Users\hp\AppData\Roaming\firebase\kirtijaiswal100_gmail_com_application_default_credentials.json
[debug] [2021-07-15T14:45:55.594Z] Setting GAC to C:\Users\hp\AppData\Roaming\firebase\kirtijaiswal100_gmail_com_application_default_credentials.json {"metadata":{"emulator":{"name":"functions"},"message":"Setting GAC to C:\\Users\\hp\\AppData\\Roaming\\firebase\\kirtijaiswal100_gmail_com_application_default_credentials.json"}}
[debug] [2021-07-15T14:45:55.597Z] > refreshing access token with scopes: []
[debug] [2021-07-15T14:45:55.598Z] >>> HTTP REQUEST POST https://www.googleapis.com/oauth2/v3/token  
 <request body omitted>
[debug] [2021-07-15T14:45:57.138Z] <<< HTTP RESPONSE 200 {"date":"Thu, 15 Jul 2021 14:45:58 GMT","expires":"Mon, 01 Jan 1990 00:00:00 GMT","pragma":"no-cache","cache-control":"no-cache, no-store, max-age=0, must-revalidate","content-type":"application/json; charset=utf-8","vary":"X-Origin, Referer, Origin,Accept-Encoding","server":"scaffolding on HTTPServer2","x-xss-protection":"0","x-frame-options":"SAMEORIGIN","x-content-type-options":"nosniff","alt-svc":"h3=\":443\"; ma=2592000,h3-29=\":443\"; ma=2592000,h3-T051=\":443\"; ma=2592000,h3-Q050=\":443\"; ma=2592000,h3-Q046=\":443\"; ma=2592000,h3-Q043=\":443\"; ma=2592000,quic=\":443\"; ma=2592000; v=\"46,43\"","accept-ranges":"none","transfer-encoding":"chunked"}
[debug] [2021-07-15T14:45:57.240Z] >>> [apiv2][query] GET https://firebase.googleapis.com/v1beta1/projects/clone-a8fcc/adminSdkConfig [none]
[debug] [2021-07-15T14:45:58.135Z] <<< [apiv2][status] GET https://firebase.googleapis.com/v1beta1/projects/clone-a8fcc/adminSdkConfig 200
[debug] [2021-07-15T14:45:58.135Z] <<< [apiv2][body] GET https://firebase.googleapis.com/v1beta1/projects/clone-a8fcc/adminSdkConfig {"projectId":"clone-a8fcc","storageBucket":"clone-a8fcc.appspot.com","locationId":"us-central"}
[debug] [2021-07-15T14:45:58.198Z] >>> [apiv2][query] GET https://firebasehosting.googleapis.com/v1beta1/projects/clone-a8fcc/sites 
[debug] [2021-07-15T14:46:00.216Z] <<< [apiv2][status] GET https://firebasehosting.googleapis.com/v1beta1/projects/clone-a8fcc/sites 200
[debug] [2021-07-15T14:46:00.216Z] <<< [apiv2][body] GET https://firebasehosting.googleapis.com/v1beta1/projects/clone-a8fcc/sites {"sites":[{"name":"projects/106275750171/sites/clone-a8fcc","defaultUrl":"https://clone-a8fcc.web.app","appId":"1:106275750171:web:9a4f9665db8ae36693d3be","type":"DEFAULT_SITE"}]}
[debug] [2021-07-15T14:46:00.217Z] >>> [apiv2][query] GET https://firebase.googleapis.com/v1beta1/projects/clone-a8fcc/webApps/1:106275750171:web:9a4f9665db8ae36693d3be/config [none]
[debug] [2021-07-15T14:46:01.777Z] <<< [apiv2][status] GET https://firebase.googleapis.com/v1beta1/projects/clone-a8fcc/webApps/1:106275750171:web:9a4f9665db8ae36693d3be/config 200
[debug] [2021-07-15T14:46:01.777Z] <<< [apiv2][body] GET https://firebase.googleapis.com/v1beta1/projects/clone-a8fcc/webApps/1:106275750171:web:9a4f9665db8ae36693d3be/config {"projectId":"clone-a8fcc","appId":"1:106275750171:web:9a4f9665db8ae36693d3be","storageBucket":"clone-a8fcc.appspot.com","locationId":"us-central","apiKey":"AIzaSyCeLhH-nygYvdy7WI0mdqBcVFLNGIlQSu0","authDomain":"clone-a8fcc.firebaseapp.com","messagingSenderId":"106275750171","measurementId":"G-QRTR8DEV77"}
[info] i  hosting: Serving hosting files from: build {"metadata":{"emulator":{"name":"hosting"},"message":"Serving hosting files from: \u001b[1mbuild\u001b[22m"}}
[info] +  hosting: Local server: http://localhost:5000 {"metadata":{"emulator":{"name":"hosting"},"message":"Local server: \u001b[4m\u001b[1mhttp://localhost:5000\u001b[22m\u001b[24m"}}
[warn] !  ui: Emulator UI unable to start on port 4000, starting on 4002 instead. {"metadata":{"emulator":{"name":"ui"},"message":"Emulator UI unable to start on port 4000, starting on 4002 instead."}}
[debug] [2021-07-15T14:46:02.239Z] Ignoring unsupported arg: auto_download {"metadata":{"emulator":{"name":"ui"},"message":"Ignoring unsupported arg: auto_download"}}
[debug] [2021-07-15T14:46:02.240Z] Ignoring unsupported arg: port {"metadata":{"emulator":{"name":"ui"},"message":"Ignoring unsupported arg: port"}}
[debug] [2021-07-15T14:46:02.240Z] Starting Emulator UI with command {"binary":"node","args":["C:\\Users\\hp\\.cache\\firebase\\emulators\\ui-v1.6.0\\server.bundle.js"],"optionalArgs":[],"joinArgs":false} {"metadata":{"emulator":{"name":"ui"},"message":"Starting Emulator UI with command {\"binary\":\"node\",\"args\":[\"C:\\\\Users\\\\hp\\\\.cache\\\\firebase\\\\emulators\\\\ui-v1.6.0\\\\server.bundle.js\"],\"optionalArgs\":[],\"joinArgs\":false}"}}
[info] i  ui: Emulator UI logging to ui-debug.log {"metadata":{"emulator":{"name":"ui"},"message":"Emulator UI logging to \u001b[1mui-debug.log\u001b[22m"}}
[debug] [2021-07-15T14:46:02.859Z] Web / API server started at localhost:4002
 {"metadata":{"emulator":{"name":"ui"},"message":"Web / API server started at localhost:4002\n"}}
[info] i  functions: Watching "C:\Users\hp\Documents\WebDev\Amazon\amazon\functions" for Cloud Functions... {"metadata":{"emulator":{"name":"functions"},"message":"Watching \"C:\\Users\\hp\\Documents\\WebDev\\Amazon\\amazon\\functions\" for Cloud Functions..."}}
[debug] [2021-07-15T14:46:03.012Z] [worker-pool] addWorker(~diagnostic~) {"metadata":{"emulator":{"name":"functions"},"message":"[worker-pool] addWorker(~diagnostic~)"}}
[debug] [2021-07-15T14:46:03.013Z] [worker-pool] Adding worker with key ~diagnostic~, total=1 {"metadata":{"emulator":{"name":"functions"},"message":"[worker-pool] Adding worker with key ~diagnostic~, total=1"}}
[debug] [2021-07-15T14:46:03.013Z] [worker-pool] submitWork(triggerId=) {"metadata":{"emulator":{"name":"functions"},"message":"[worker-pool] submitWork(triggerId=)"}}
[debug] [2021-07-15T14:46:03.014Z] [worker-~diagnostic~-d6e8021d-f512-4e5a-a945-ef9835974f4e]: Assigning socketPath: \\?\pipe\C:\Users\hp\Documents\WebDev\Amazon\amazon\functions\8708 {"metadata":{"emulator":{"name":"functions"},"message":"[worker-~diagnostic~-d6e8021d-f512-4e5a-a945-ef9835974f4e]: Assigning socketPath: \\\\?\\pipe\\C:\\Users\\hp\\Documents\\WebDev\\Amazon\\amazon\\functions\\8708"}}
[debug] [2021-07-15T14:46:03.015Z] [worker-~diagnostic~-d6e8021d-f512-4e5a-a945-ef9835974f4e]: BUSY {"metadata":{"emulator":{"name":"functions"},"message":"[worker-~diagnostic~-d6e8021d-f512-4e5a-a945-ef9835974f4e]: BUSY"}}
[debug] [2021-07-15T14:46:03.489Z] [runtime-status] [8708] Functions runtime initialized. {"cwd":"C:\\Users\\hp\\Documents\\WebDev\\Amazon\\amazon\\functions","node_version":"14.17.0"} {"metadata":{"emulator":{"name":"functions"},"message":"[runtime-status] [8708] Functions runtime initialized. {\"cwd\":\"C:\\\\Users\\\\hp\\\\Documents\\\\WebDev\\\\Amazon\\\\amazon\\\\functions\",\"node_version\":\"14.17.0\"}"}}
[debug] [2021-07-15T14:46:03.492Z] [runtime-status] [8708] Disabled runtime features: undefined {"metadata":{"emulator":{"name":"functions"},"message":"[runtime-status] [8708] Disabled runtime features: undefined"}}
[debug] [2021-07-15T14:46:03.522Z] [runtime-status] [8708] Resolved module firebase-admin {"declared":true,"installed":true,"version":"9.10.0","resolution":"C:\\Users\\hp\\Documents\\WebDev\\Amazon\\amazon\\functions\\node_modules\\firebase-admin\\lib\\index.js"} {"metadata":{"emulator":{"name":"functions"},"message":"[runtime-status] [8708] Resolved module firebase-admin {\"declared\":true,\"installed\":true,\"version\":\"9.10.0\",\"resolution\":\"C:\\\\Users\\\\hp\\\\Documents\\\\WebDev\\\\Amazon\\\\amazon\\\\functions\\\\node_modules\\\\firebase-admin\\\\lib\\\\index.js\"}"}}
[debug] [2021-07-15T14:46:03.537Z] [runtime-status] [8708] Resolved module firebase-functions {"declared":true,"installed":true,"version":"3.14.1","resolution":"C:\\Users\\hp\\Documents\\WebDev\\Amazon\\amazon\\functions\\node_modules\\firebase-functions\\lib\\index.js"} {"metadata":{"emulator":{"name":"functions"},"message":"[runtime-status] [8708] Resolved module firebase-functions {\"declared\":true,\"installed\":true,\"version\":\"3.14.1\",\"resolution\":\"C:\\\\Users\\\\hp\\\\Documents\\\\WebDev\\\\Amazon\\\\amazon\\\\functions\\\\node_modules\\\\firebase-functions\\\\lib\\\\index.js\"}"}}
[debug] [2021-07-15T14:46:03.540Z] [runtime-status] [8708] Resolved module firebase-functions {"declared":true,"installed":true,"version":"3.14.1","resolution":"C:\\Users\\hp\\Documents\\WebDev\\Amazon\\amazon\\functions\\node_modules\\firebase-functions\\lib\\index.js"} {"metadata":{"emulator":{"name":"functions"},"message":"[runtime-status] [8708] Resolved module firebase-functions {\"declared\":true,\"installed\":true,\"version\":\"3.14.1\",\"resolution\":\"C:\\\\Users\\\\hp\\\\Documents\\\\WebDev\\\\Amazon\\\\amazon\\\\functions\\\\node_modules\\\\firebase-functions\\\\lib\\\\index.js\"}"}}
[debug] [2021-07-15T14:46:03.543Z] [runtime-status] [8708] Outgoing network have been stubbed. [{"name":"http","status":"mocked"},{"name":"http","status":"mocked"},{"name":"https","status":"mocked"},{"name":"https","status":"mocked"},{"name":"net","status":"mocked"}] {"metadata":{"emulator":{"name":"functions"},"message":"[runtime-status] [8708] Outgoing network have been stubbed. [{\"name\":\"http\",\"status\":\"mocked\"},{\"name\":\"http\",\"status\":\"mocked\"},{\"name\":\"https\",\"status\":\"mocked\"},{\"name\":\"https\",\"status\":\"mocked\"},{\"name\":\"net\",\"status\":\"mocked\"}]"}}
[debug] [2021-07-15T14:46:03.544Z] [runtime-status] [8708] Resolved module firebase-functions {"declared":true,"installed":true,"version":"3.14.1","resolution":"C:\\Users\\hp\\Documents\\WebDev\\Amazon\\amazon\\functions\\node_modules\\firebase-functions\\lib\\index.js"} {"metadata":{"emulator":{"name":"functions"},"message":"[runtime-status] [8708] Resolved module firebase-functions {\"declared\":true,\"installed\":true,\"version\":\"3.14.1\",\"resolution\":\"C:\\\\Users\\\\hp\\\\Documents\\\\WebDev\\\\Amazon\\\\amazon\\\\functions\\\\node_modules\\\\firebase-functions\\\\lib\\\\index.js\"}"}}
[debug] [2021-07-15T14:46:04.319Z] [runtime-status] [8708] Checked functions.config() {"config":{}} {"metadata":{"emulator":{"name":"functions"},"message":"[runtime-status] [8708] Checked functions.config() {\"config\":{}}"}}
[debug] [2021-07-15T14:46:04.320Z] [runtime-status] [8708] firebase-functions has been stubbed. {"functionsResolution":{"declared":true,"installed":true,"version":"3.14.1","resolution":"C:\\Users\\hp\\Documents\\WebDev\\Amazon\\amazon\\functions\\node_modules\\firebase-functions\\lib\\index.js"}} {"metadata":{"emulator":{"name":"functions"},"message":"[runtime-status] [8708] firebase-functions has been stubbed. {\"functionsResolution\":{\"declared\":true,\"installed\":true,\"version\":\"3.14.1\",\"resolution\":\"C:\\\\Users\\\\hp\\\\Documents\\\\WebDev\\\\Amazon\\\\amazon\\\\functions\\\\node_modules\\\\firebase-functions\\\\lib\\\\index.js\"}}"}}
[debug] [2021-07-15T14:46:04.321Z] [runtime-status] [8708] Resolved module firebase-functions {"declared":true,"installed":true,"version":"3.14.1","resolution":"C:\\Users\\hp\\Documents\\WebDev\\Amazon\\amazon\\functions\\node_modules\\firebase-functions\\lib\\index.js"} {"metadata":{"emulator":{"name":"functions"},"message":"[runtime-status] [8708] Resolved module firebase-functions {\"declared\":true,\"installed\":true,\"version\":\"3.14.1\",\"resolution\":\"C:\\\\Users\\\\hp\\\\Documents\\\\WebDev\\\\Amazon\\\\amazon\\\\functions\\\\node_modules\\\\firebase-functions\\\\lib\\\\index.js\"}"}}
[debug] [2021-07-15T14:46:04.322Z] [runtime-status] [8708] Resolved module firebase-admin {"declared":true,"installed":true,"version":"9.10.0","resolution":"C:\\Users\\hp\\Documents\\WebDev\\Amazon\\amazon\\functions\\node_modules\\firebase-admin\\lib\\index.js"} {"metadata":{"emulator":{"name":"functions"},"message":"[runtime-status] [8708] Resolved module firebase-admin {\"declared\":true,\"installed\":true,\"version\":\"9.10.0\",\"resolution\":\"C:\\\\Users\\\\hp\\\\Documents\\\\WebDev\\\\Amazon\\\\amazon\\\\functions\\\\node_modules\\\\firebase-admin\\\\lib\\\\index.js\"}"}}
[debug] [2021-07-15T14:46:04.324Z] [runtime-status] [8708] Resolved module firebase-functions {"declared":true,"installed":true,"version":"3.14.1","resolution":"C:\\Users\\hp\\Documents\\WebDev\\Amazon\\amazon\\functions\\node_modules\\firebase-functions\\lib\\index.js"} {"metadata":{"emulator":{"name":"functions"},"message":"[runtime-status] [8708] Resolved module firebase-functions {\"declared\":true,\"installed\":true,\"version\":\"3.14.1\",\"resolution\":\"C:\\\\Users\\\\hp\\\\Documents\\\\WebDev\\\\Amazon\\\\amazon\\\\functions\\\\node_modules\\\\firebase-functions\\\\lib\\\\index.js\"}"}}
[debug] [2021-07-15T14:46:04.325Z] [runtime-status] [8708] firebase-admin has been stubbed. {"adminResolution":{"declared":true,"installed":true,"version":"9.10.0","resolution":"C:\\Users\\hp\\Documents\\WebDev\\Amazon\\amazon\\functions\\node_modules\\firebase-admin\\lib\\index.js"}} {"metadata":{"emulator":{"name":"functions"},"message":"[runtime-status] [8708] firebase-admin has been stubbed. {\"adminResolution\":{\"declared\":true,\"installed\":true,\"version\":\"9.10.0\",\"resolution\":\"C:\\\\Users\\\\hp\\\\Documents\\\\WebDev\\\\Amazon\\\\amazon\\\\functions\\\\node_modules\\\\firebase-admin\\\\lib\\\\index.js\"}}"}}
[info] +  functions[us-central1-api]: http function initialized (http://localhost:5001/clone-a8fcc/us-central1/api). {"metadata":{"emulator":{"name":"functions"},"message":"\u001b[1mhttp\u001b[22m function initialized (http://localhost:5001/clone-a8fcc/us-central1/api)."}}
[info] 
┌─────────────────────────────────────────────────────────────┐
│ ✔  All emulators ready! It is now safe to connect your app. │
│ i  View Emulator UI at http://localhost:4002                │
└─────────────────────────────────────────────────────────────┘

┌───────────┬────────────────┬─────────────────────────────────┐
│ Emulator  │ Host:Port      │ View in Emulator UI             │
├───────────┼────────────────┼─────────────────────────────────┤
│ Functions │ localhost:5001 │ http://localhost:4002/functions │
├───────────┼────────────────┼─────────────────────────────────┤
│ Hosting   │ localhost:5000 │ n/a                             │
└───────────┴────────────────┴─────────────────────────────────┘
  Emulator Hub running at localhost:4400
  Other reserved ports: 4500

Issues? Report them at https://github.com/firebase/firebase-tools/issues and attach the *-debug.log files.
 
[debug] [2021-07-15T14:46:07.250Z] [worker-~diagnostic~-d6e8021d-f512-4e5a-a945-ef9835974f4e]: IDLE {"metadata":{"emulator":{"name":"functions"},"message":"[worker-~diagnostic~-d6e8021d-f512-4e5a-a945-ef9835974f4e]: IDLE"}}
[debug] [2021-07-15T14:47:29.578Z] [work-queue] {"queueLength":1,"workRunningCount":0}
[debug] [2021-07-15T14:47:29.579Z] [work-queue] {"queueLength":0,"workRunningCount":1}
[debug] [2021-07-15T14:47:29.580Z] Accepted request GET /clone-a8fcc/us-central1/api --> us-central1-api
[debug] [2021-07-15T14:47:30.054Z] [worker-pool] addWorker(us-central1-api) {"metadata":{"emulator":{"name":"functions"},"message":"[worker-pool] addWorker(us-central1-api)"}}
[debug] [2021-07-15T14:47:30.055Z] [worker-pool] Adding worker with key us-central1-api, total=1 {"metadata":{"emulator":{"name":"functions"},"message":"[worker-pool] Adding worker with key us-central1-api, total=1"}}
[debug] [2021-07-15T14:47:30.056Z] [worker-pool] submitWork(triggerId=us-central1-api) {"metadata":{"emulator":{"name":"functions"},"message":"[worker-pool] submitWork(triggerId=us-central1-api)"}}
[debug] [2021-07-15T14:47:30.056Z] [worker-us-central1-api-b188b1b0-2871-4679-8c8f-c10e52b3b4c7]: Assigning socketPath: \\?\pipe\C:\Users\hp\Documents\WebDev\Amazon\amazon\functions\10432 {"metadata":{"emulator":{"name":"functions"},"message":"[worker-us-central1-api-b188b1b0-2871-4679-8c8f-c10e52b3b4c7]: Assigning socketPath: \\\\?\\pipe\\C:\\Users\\hp\\Documents\\WebDev\\Amazon\\amazon\\functions\\10432"}}
[debug] [2021-07-15T14:47:30.057Z] [worker-us-central1-api-b188b1b0-2871-4679-8c8f-c10e52b3b4c7]: BUSY {"metadata":{"emulator":{"name":"functions"},"message":"[worker-us-central1-api-b188b1b0-2871-4679-8c8f-c10e52b3b4c7]: BUSY"}}
[debug] [2021-07-15T14:47:31.261Z] [runtime-status] [10432] Functions runtime initialized. {"cwd":"C:\\Users\\hp\\Documents\\WebDev\\Amazon\\amazon\\functions","node_version":"14.17.0"} {"metadata":{"emulator":{"name":"functions"},"function":{"name":"us-central1-api"},"message":"[runtime-status] [10432] Functions runtime initialized. {\"cwd\":\"C:\\\\Users\\\\hp\\\\Documents\\\\WebDev\\\\Amazon\\\\amazon\\\\functions\",\"node_version\":\"14.17.0\"}"}}
[debug] [2021-07-15T14:47:31.266Z] [runtime-status] [10432] Disabled runtime features: undefined {"metadata":{"emulator":{"name":"functions"},"function":{"name":"us-central1-api"},"message":"[runtime-status] [10432] Disabled runtime features: undefined"}}
[debug] [2021-07-15T14:47:31.273Z] [runtime-status] [10432] Resolved module firebase-admin {"declared":true,"installed":true,"version":"9.10.0","resolution":"C:\\Users\\hp\\Documents\\WebDev\\Amazon\\amazon\\functions\\node_modules\\firebase-admin\\lib\\index.js"} {"metadata":{"emulator":{"name":"functions"},"function":{"name":"us-central1-api"},"message":"[runtime-status] [10432] Resolved module firebase-admin {\"declared\":true,\"installed\":true,\"version\":\"9.10.0\",\"resolution\":\"C:\\\\Users\\\\hp\\\\Documents\\\\WebDev\\\\Amazon\\\\amazon\\\\functions\\\\node_modules\\\\firebase-admin\\\\lib\\\\index.js\"}"}}
[debug] [2021-07-15T14:47:31.277Z] [runtime-status] [10432] Resolved module firebase-functions {"declared":true,"installed":true,"version":"3.14.1","resolution":"C:\\Users\\hp\\Documents\\WebDev\\Amazon\\amazon\\functions\\node_modules\\firebase-functions\\lib\\index.js"} {"metadata":{"emulator":{"name":"functions"},"function":{"name":"us-central1-api"},"message":"[runtime-status] [10432] Resolved module firebase-functions {\"declared\":true,\"installed\":true,\"version\":\"3.14.1\",\"resolution\":\"C:\\\\Users\\\\hp\\\\Documents\\\\WebDev\\\\Amazon\\\\amazon\\\\functions\\\\node_modules\\\\firebase-functions\\\\lib\\\\index.js\"}"}}
[debug] [2021-07-15T14:47:31.280Z] [runtime-status] [10432] Resolved module firebase-functions {"declared":true,"installed":true,"version":"3.14.1","resolution":"C:\\Users\\hp\\Documents\\WebDev\\Amazon\\amazon\\functions\\node_modules\\firebase-functions\\lib\\index.js"} {"metadata":{"emulator":{"name":"functions"},"function":{"name":"us-central1-api"},"message":"[runtime-status] [10432] Resolved module firebase-functions {\"declared\":true,\"installed\":true,\"version\":\"3.14.1\",\"resolution\":\"C:\\\\Users\\\\hp\\\\Documents\\\\WebDev\\\\Amazon\\\\amazon\\\\functions\\\\node_modules\\\\firebase-functions\\\\lib\\\\index.js\"}"}}
[debug] [2021-07-15T14:47:31.284Z] [runtime-status] [10432] Outgoing network have been stubbed. [{"name":"http","status":"mocked"},{"name":"http","status":"mocked"},{"name":"https","status":"mocked"},{"name":"https","status":"mocked"},{"name":"net","status":"mocked"}] {"metadata":{"emulator":{"name":"functions"},"function":{"name":"us-central1-api"},"message":"[runtime-status] [10432] Outgoing network have been stubbed. [{\"name\":\"http\",\"status\":\"mocked\"},{\"name\":\"http\",\"status\":\"mocked\"},{\"name\":\"https\",\"status\":\"mocked\"},{\"name\":\"https\",\"status\":\"mocked\"},{\"name\":\"net\",\"status\":\"mocked\"}]"}}
[debug] [2021-07-15T14:47:31.285Z] [runtime-status] [10432] Resolved module firebase-functions {"declared":true,"installed":true,"version":"3.14.1","resolution":"C:\\Users\\hp\\Documents\\WebDev\\Amazon\\amazon\\functions\\node_modules\\firebase-functions\\lib\\index.js"} {"metadata":{"emulator":{"name":"functions"},"function":{"name":"us-central1-api"},"message":"[runtime-status] [10432] Resolved module firebase-functions {\"declared\":true,\"installed\":true,\"version\":\"3.14.1\",\"resolution\":\"C:\\\\Users\\\\hp\\\\Documents\\\\WebDev\\\\Amazon\\\\amazon\\\\functions\\\\node_modules\\\\firebase-functions\\\\lib\\\\index.js\"}"}}
[debug] [2021-07-15T14:47:31.380Z] [runtime-status] [10432] Checked functions.config() {"config":{}} {"metadata":{"emulator":{"name":"functions"},"function":{"name":"us-central1-api"},"message":"[runtime-status] [10432] Checked functions.config() {\"config\":{}}"}}
[debug] [2021-07-15T14:47:31.381Z] [runtime-status] [10432] firebase-functions has been stubbed. {"functionsResolution":{"declared":true,"installed":true,"version":"3.14.1","resolution":"C:\\Users\\hp\\Documents\\WebDev\\Amazon\\amazon\\functions\\node_modules\\firebase-functions\\lib\\index.js"}} {"metadata":{"emulator":{"name":"functions"},"function":{"name":"us-central1-api"},"message":"[runtime-status] [10432] firebase-functions has been stubbed. {\"functionsResolution\":{\"declared\":true,\"installed\":true,\"version\":\"3.14.1\",\"resolution\":\"C:\\\\Users\\\\hp\\\\Documents\\\\WebDev\\\\Amazon\\\\amazon\\\\functions\\\\node_modules\\\\firebase-functions\\\\lib\\\\index.js\"}}"}}
[debug] [2021-07-15T14:47:31.382Z] [runtime-status] [10432] Resolved module firebase-functions {"declared":true,"installed":true,"version":"3.14.1","resolution":"C:\\Users\\hp\\Documents\\WebDev\\Amazon\\amazon\\functions\\node_modules\\firebase-functions\\lib\\index.js"} {"metadata":{"emulator":{"name":"functions"},"function":{"name":"us-central1-api"},"message":"[runtime-status] [10432] Resolved module firebase-functions {\"declared\":true,\"installed\":true,\"version\":\"3.14.1\",\"resolution\":\"C:\\\\Users\\\\hp\\\\Documents\\\\WebDev\\\\Amazon\\\\amazon\\\\functions\\\\node_modules\\\\firebase-functions\\\\lib\\\\index.js\"}"}}
[debug] [2021-07-15T14:47:31.384Z] [runtime-status] [10432] Resolved module firebase-admin {"declared":true,"installed":true,"version":"9.10.0","resolution":"C:\\Users\\hp\\Documents\\WebDev\\Amazon\\amazon\\functions\\node_modules\\firebase-admin\\lib\\index.js"} {"metadata":{"emulator":{"name":"functions"},"function":{"name":"us-central1-api"},"message":"[runtime-status] [10432] Resolved module firebase-admin {\"declared\":true,\"installed\":true,\"version\":\"9.10.0\",\"resolution\":\"C:\\\\Users\\\\hp\\\\Documents\\\\WebDev\\\\Amazon\\\\amazon\\\\functions\\\\node_modules\\\\firebase-admin\\\\lib\\\\index.js\"}"}}
[debug] [2021-07-15T14:47:31.386Z] [runtime-status] [10432] Resolved module firebase-functions {"declared":true,"installed":true,"version":"3.14.1","resolution":"C:\\Users\\hp\\Documents\\WebDev\\Amazon\\amazon\\functions\\node_modules\\firebase-functions\\lib\\index.js"} {"metadata":{"emulator":{"name":"functions"},"function":{"name":"us-central1-api"},"message":"[runtime-status] [10432] Resolved module firebase-functions {\"declared\":true,\"installed\":true,\"version\":\"3.14.1\",\"resolution\":\"C:\\\\Users\\\\hp\\\\Documents\\\\WebDev\\\\Amazon\\\\amazon\\\\functions\\\\node_modules\\\\firebase-functions\\\\lib\\\\index.js\"}"}}
[debug] [2021-07-15T14:47:31.386Z] [runtime-status] [10432] firebase-admin has been stubbed. {"adminResolution":{"declared":true,"installed":true,"version":"9.10.0","resolution":"C:\\Users\\hp\\Documents\\WebDev\\Amazon\\amazon\\functions\\node_modules\\firebase-admin\\lib\\index.js"}} {"metadata":{"emulator":{"name":"functions"},"function":{"name":"us-central1-api"},"message":"[runtime-status] [10432] firebase-admin has been stubbed. {\"adminResolution\":{\"declared\":true,\"installed\":true,\"version\":\"9.10.0\",\"resolution\":\"C:\\\\Users\\\\hp\\\\Documents\\\\WebDev\\\\Amazon\\\\amazon\\\\functions\\\\node_modules\\\\firebase-admin\\\\lib\\\\index.js\"}}"}}
[debug] [2021-07-15T14:47:31.713Z] [runtime-status] [10432] Trigger "us-central1-api" has been found, beginning invocation! {"metadata":{"emulator":{"name":"functions"},"function":{"name":"us-central1-api"},"message":"[runtime-status] [10432] Trigger \"us-central1-api\" has been found, beginning invocation!"}}
[info] i  functions: Beginning execution of "us-central1-api" {"metadata":{"emulator":{"name":"functions"},"function":{"name":"us-central1-api"},"message":"Beginning execution of \"us-central1-api\""}}
[debug] [2021-07-15T14:47:31.715Z] [runtime-status] [10432] triggerDefinition {"httpsTrigger":{},"name":"api","entryPoint":"api","regions":["us-central1"],"region":"us-central1","id":"us-central1-api"} {"metadata":{"emulator":{"name":"functions"},"function":{"name":"us-central1-api"},"message":"[runtime-status] [10432] triggerDefinition {\"httpsTrigger\":{},\"name\":\"api\",\"entryPoint\":\"api\",\"regions\":[\"us-central1\"],\"region\":\"us-central1\",\"id\":\"us-central1-api\"}"}}
[debug] [2021-07-15T14:47:31.716Z] [runtime-status] [10432] Running us-central1-api in mode HTTPS {"metadata":{"emulator":{"name":"functions"},"function":{"name":"us-central1-api"},"message":"[runtime-status] [10432] Running us-central1-api in mode HTTPS"}}
[debug] [2021-07-15T14:47:31.725Z] [runtime-status] [10432] Attempting to listen to socketPath: \\?\pipe\C:\Users\hp\Documents\WebDev\Amazon\amazon\functions\10432 {"metadata":{"emulator":{"name":"functions"},"function":{"name":"us-central1-api"},"message":"[runtime-status] [10432] Attempting to listen to socketPath: \\\\?\\pipe\\C:\\Users\\hp\\Documents\\WebDev\\Amazon\\amazon\\functions\\10432"}}
[debug] [2021-07-15T14:47:31.856Z] [functions] Runtime ready! Sending request! {"metadata":{"emulator":{"name":"functions"},"message":"[functions] Runtime ready! Sending request!"}}
[debug] [2021-07-15T14:47:31.858Z] [functions] Got req.url=/clone-a8fcc/us-central1/api, mapping to path=/ {"metadata":{"emulator":{"name":"functions"},"message":"[functions] Got req.url=/clone-a8fcc/us-central1/api, mapping to path=/"}}
[debug] [2021-07-15T14:47:31.869Z] [runtime-status] [10432] Ephemeral server handling GET request {"metadata":{"emulator":{"name":"functions"},"function":{"name":"us-central1-api"},"message":"[runtime-status] [10432] Ephemeral server handling GET request"}}
[debug] [2021-07-15T14:47:31.882Z] [runtime-status] [10432] Ephemeral server survived. {"metadata":{"emulator":{"name":"functions"},"function":{"name":"us-central1-api"},"message":"[runtime-status] [10432] Ephemeral server survived."}}
[info] i  functions: Finished "us-central1-api" in ~1s {"metadata":{"emulator":{"name":"functions"},"function":{"name":"us-central1-api"},"message":"Finished \"us-central1-api\" in ~1s"}}
[debug] [2021-07-15T14:47:31.894Z] [worker-us-central1-api-b188b1b0-2871-4679-8c8f-c10e52b3b4c7]: IDLE {"metadata":{"emulator":{"name":"functions"},"message":"[worker-us-central1-api-b188b1b0-2871-4679-8c8f-c10e52b3b4c7]: IDLE"}}
[debug] [2021-07-15T14:47:31.896Z] [work-queue] {"queueLength":0,"workRunningCount":0}
[debug] [2021-07-15T14:47:57.617Z] [work-queue] {"queueLength":1,"workRunningCount":0}
[debug] [2021-07-15T14:47:57.618Z] [work-queue] {"queueLength":0,"workRunningCount":1}
[debug] [2021-07-15T14:47:57.620Z] [work-queue] {"queueLength":0,"workRunningCount":0}
[debug] [2021-07-15T14:47:58.173Z] [work-queue] {"queueLength":1,"workRunningCount":0}
[debug] [2021-07-15T14:47:58.173Z] [work-queue] {"queueLength":0,"workRunningCount":1}
[debug] [2021-07-15T14:47:58.176Z] [work-queue] {"queueLength":0,"workRunningCount":0}
[debug] [2021-07-15T14:47:58.829Z] [work-queue] {"queueLength":1,"workRunningCount":0}
[debug] [2021-07-15T14:47:58.830Z] [work-queue] {"queueLength":0,"workRunningCount":1}
[debug] [2021-07-15T14:47:58.831Z] [work-queue] {"queueLength":0,"workRunningCount":0}
[debug] [2021-07-15T14:48:50.027Z] [work-queue] {"queueLength":1,"workRunningCount":0}
[debug] [2021-07-15T14:48:50.027Z] [work-queue] {"queueLength":0,"workRunningCount":1}
[debug] [2021-07-15T14:48:50.028Z] [work-queue] {"queueLength":0,"workRunningCount":0}
[debug] [2021-07-15T15:21:40.837Z] [work-queue] {"queueLength":1,"workRunningCount":0}
[debug] [2021-07-15T15:21:40.838Z] [work-queue] {"queueLength":0,"workRunningCount":1}
[debug] [2021-07-15T15:21:40.839Z] [work-queue] {"queueLength":0,"workRunningCount":0}
[debug] [2021-07-15T16:59:05.493Z] [work-queue] {"queueLength":1,"workRunningCount":0}
[debug] [2021-07-15T16:59:06.602Z] [work-queue] {"queueLength":0,"workRunningCount":1}
[debug] [2021-07-15T16:59:07.698Z] [work-queue] {"queueLength":0,"workRunningCount":0}
